
/home/runner/work/exp-given-sample-cement-dei/exp-given-sample-cement-dei/experiment/simulation/js/main.js
  34:39  warning  'evt' is defined but never used  no-unused-vars
  88:40  warning  'evt' is defined but never used  no-unused-vars

/home/runner/work/exp-given-sample-cement-dei/exp-given-sample-cement-dei/experiment/simulation/js/step2.js
  28:39  warning  'evt' is defined but never used  no-unused-vars
  79:40  warning  'evt' is defined but never used  no-unused-vars

/home/runner/work/exp-given-sample-cement-dei/exp-given-sample-cement-dei/experiment/simulation/js/step3.js
  27:39  warning  'evt' is defined but never used  no-unused-vars
  71:40  warning  'evt' is defined but never used  no-unused-vars

/home/runner/work/exp-given-sample-cement-dei/exp-given-sample-cement-dei/experiment/simulation/js/step4.js
   41:39  warning  'evt' is defined but never used  no-unused-vars
  157:40  warning  'evt' is defined but never used  no-unused-vars

/home/runner/work/exp-given-sample-cement-dei/exp-given-sample-cement-dei/experiment/simulation/js/step5.js
  27:39  warning  'evt' is defined but never used  no-unused-vars
  88:40  warning  'evt' is defined but never used  no-unused-vars

/home/runner/work/exp-given-sample-cement-dei/exp-given-sample-cement-dei/experiment/simulation/js/step6.js
  25:39  warning  'evt' is defined but never used  no-unused-vars
  75:40  warning  'evt' is defined but never used  no-unused-vars

/home/runner/work/exp-given-sample-cement-dei/exp-given-sample-cement-dei/experiment/simulation/js/step7.js
   7:29  warning  'gifColor' is assigned a value but never used   no-unused-vars
  14:7   warning  'png6Step7' is assigned a value but never used  no-unused-vars
  30:39  warning  'evt' is defined but never used                 no-unused-vars
  98:43  warning  'evt' is defined but never used                 no-unused-vars

✖ 16 problems (0 errors, 16 warnings)

